<?xml version="1.0" encoding="UTF-8"?>
<testsuite xmlns:xsi="http://www.w3.org/2001/XMLSchema-instance" xsi:noNamespaceSchemaLocation="https://maven.apache.org/surefire/maven-surefire-plugin/xsd/surefire-test-report-3.0.xsd" version="3.0" name="jun.spring.project.test.ConnectionTest" time="1.36" tests="1" errors="0" skipped="0" failures="0">
  <properties>
[...]
</properties>
  <testcase name="test" classname="jun.spring.project.test.ConnectionTest" time="0.186">
    <system-out><![CDATA[DEBUG: org.springframework.test.context.junit4.SpringJUnit4ClassRunner - SpringJUnit4ClassRunner constructor called with [class jun.spring.project.test.ConnectionTest]
DEBUG: org.springframework.test.context.BootstrapUtils - Instantiating CacheAwareContextLoaderDelegate from class [org.springframework.test.context.cache.DefaultCacheAwareContextLoaderDelegate]
DEBUG: org.springframework.test.context.BootstrapUtils - Instantiating BootstrapContext using constructor [public org.springframework.test.context.support.DefaultBootstrapContext(java.lang.Class,org.springframework.test.context.CacheAwareContextLoaderDelegate)]
DEBUG: org.springframework.test.context.BootstrapUtils - Instantiating TestContextBootstrapper for test class [jun.spring.project.test.ConnectionTest] from class [org.springframework.test.context.support.DefaultTestContextBootstrapper]
DEBUG: org.springframework.test.context.support.AbstractDelegatingSmartContextLoader - Delegating to GenericXmlContextLoader to process context configuration [ContextConfigurationAttributes@1e6d1014 declaringClass = 'jun.spring.project.test.ConnectionTest', classes = '{}', locations = '{file:src/main/webapp/WEB-INF/spring/root-context.xml}', inheritLocations = true, initializers = '{}', inheritInitializers = true, name = [null], contextLoaderClass = 'org.springframework.test.context.ContextLoader'].
DEBUG: org.springframework.test.context.support.ActiveProfilesUtils - Could not find an 'annotation declaring class' for annotation type [org.springframework.test.context.ActiveProfiles] and class [jun.spring.project.test.ConnectionTest]
DEBUG: org.springframework.test.context.support.DefaultTestContextBootstrapper - @TestExecutionListeners is not present for class [jun.spring.project.test.ConnectionTest]: using defaults.
INFO : org.springframework.test.context.support.DefaultTestContextBootstrapper - Loaded default TestExecutionListener class names from location [META-INF/spring.factories]: [org.springframework.test.context.web.ServletTestExecutionListener, org.springframework.test.context.support.DirtiesContextBeforeModesTestExecutionListener, org.springframework.test.context.support.DependencyInjectionTestExecutionListener, org.springframework.test.context.support.DirtiesContextTestExecutionListener, org.springframework.test.context.transaction.TransactionalTestExecutionListener, org.springframework.test.context.jdbc.SqlScriptsTestExecutionListener]
INFO : org.springframework.test.context.support.DefaultTestContextBootstrapper - Using TestExecutionListeners: [org.springframework.test.context.web.ServletTestExecutionListener@371a67ec, org.springframework.test.context.support.DirtiesContextBeforeModesTestExecutionListener@5ed828d, org.springframework.test.context.support.DependencyInjectionTestExecutionListener@50d0686, org.springframework.test.context.support.DirtiesContextTestExecutionListener@7a3d45bd, org.springframework.test.context.transaction.TransactionalTestExecutionListener@1e7c7811, org.springframework.test.context.jdbc.SqlScriptsTestExecutionListener@77ec78b9]
DEBUG: org.springframework.test.annotation.ProfileValueUtils - Retrieved @ProfileValueSourceConfiguration [null] for test class [jun.spring.project.test.ConnectionTest]
DEBUG: org.springframework.test.annotation.ProfileValueUtils - Retrieved ProfileValueSource type [class org.springframework.test.annotation.SystemProfileValueSource] for class [jun.spring.project.test.ConnectionTest]
DEBUG: org.springframework.test.annotation.ProfileValueUtils - Retrieved @ProfileValueSourceConfiguration [null] for test class [jun.spring.project.test.ConnectionTest]
DEBUG: org.springframework.test.annotation.ProfileValueUtils - Retrieved ProfileValueSource type [class org.springframework.test.annotation.SystemProfileValueSource] for class [jun.spring.project.test.ConnectionTest]
DEBUG: org.springframework.test.annotation.ProfileValueUtils - Retrieved @ProfileValueSourceConfiguration [null] for test class [jun.spring.project.test.ConnectionTest]
DEBUG: org.springframework.test.annotation.ProfileValueUtils - Retrieved ProfileValueSource type [class org.springframework.test.annotation.SystemProfileValueSource] for class [jun.spring.project.test.ConnectionTest]
DEBUG: org.springframework.test.annotation.ProfileValueUtils - Retrieved @ProfileValueSourceConfiguration [null] for test class [jun.spring.project.test.ConnectionTest]
DEBUG: org.springframework.test.annotation.ProfileValueUtils - Retrieved ProfileValueSource type [class org.springframework.test.annotation.SystemProfileValueSource] for class [jun.spring.project.test.ConnectionTest]
DEBUG: org.springframework.test.annotation.ProfileValueUtils - Retrieved @ProfileValueSourceConfiguration [null] for test class [jun.spring.project.test.ConnectionTest]
DEBUG: org.springframework.test.annotation.ProfileValueUtils - Retrieved ProfileValueSource type [class org.springframework.test.annotation.SystemProfileValueSource] for class [jun.spring.project.test.ConnectionTest]
DEBUG: org.springframework.test.context.support.AbstractDirtiesContextTestExecutionListener - Before test class: context [DefaultTestContext@52f759d7 testClass = ConnectionTest, testInstance = [null], testMethod = [null], testException = [null], mergedContextConfiguration = [MergedContextConfiguration@7cbd213e testClass = ConnectionTest, locations = '{file:src/main/webapp/WEB-INF/spring/root-context.xml}', classes = '{}', contextInitializerClasses = '[]', activeProfiles = '{}', propertySourceLocations = '{}', propertySourceProperties = '{}', contextCustomizers = set[[empty]], contextLoader = 'org.springframework.test.context.support.DelegatingSmartContextLoader', parent = [null]]], class annotated with @DirtiesContext [false] with mode [null].
DEBUG: org.springframework.test.annotation.ProfileValueUtils - Retrieved @ProfileValueSourceConfiguration [null] for test class [jun.spring.project.test.ConnectionTest]
DEBUG: org.springframework.test.annotation.ProfileValueUtils - Retrieved ProfileValueSource type [class org.springframework.test.annotation.SystemProfileValueSource] for class [jun.spring.project.test.ConnectionTest]
DEBUG: org.springframework.test.context.support.DependencyInjectionTestExecutionListener - Performing dependency injection for test context [[DefaultTestContext@52f759d7 testClass = ConnectionTest, testInstance = jun.spring.project.test.ConnectionTest@23fe1d71, testMethod = [null], testException = [null], mergedContextConfiguration = [MergedContextConfiguration@7cbd213e testClass = ConnectionTest, locations = '{file:src/main/webapp/WEB-INF/spring/root-context.xml}', classes = '{}', contextInitializerClasses = '[]', activeProfiles = '{}', propertySourceLocations = '{}', propertySourceProperties = '{}', contextCustomizers = set[[empty]], contextLoader = 'org.springframework.test.context.support.DelegatingSmartContextLoader', parent = [null]]]].
DEBUG: org.springframework.test.context.support.AbstractDelegatingSmartContextLoader - Delegating to GenericXmlContextLoader to load context from [MergedContextConfiguration@7cbd213e testClass = ConnectionTest, locations = '{file:src/main/webapp/WEB-INF/spring/root-context.xml}', classes = '{}', contextInitializerClasses = '[]', activeProfiles = '{}', propertySourceLocations = '{}', propertySourceProperties = '{}', contextCustomizers = set[[empty]], contextLoader = 'org.springframework.test.context.support.DelegatingSmartContextLoader', parent = [null]].
DEBUG: org.springframework.test.context.support.AbstractGenericContextLoader - Loading ApplicationContext for merged context configuration [[MergedContextConfiguration@7cbd213e testClass = ConnectionTest, locations = '{file:src/main/webapp/WEB-INF/spring/root-context.xml}', classes = '{}', contextInitializerClasses = '[]', activeProfiles = '{}', propertySourceLocations = '{}', propertySourceProperties = '{}', contextCustomizers = set[[empty]], contextLoader = 'org.springframework.test.context.support.DelegatingSmartContextLoader', parent = [null]]].
INFO : org.springframework.beans.factory.xml.XmlBeanDefinitionReader - Loading XML bean definitions from URL [file:src/main/webapp/WEB-INF/spring/root-context.xml]
INFO : org.springframework.context.support.GenericApplicationContext - Refreshing org.springframework.context.support.GenericApplicationContext@4cf4d528: startup date [Tue Jul 18 09:51:21 KST 2023]; root of context hierarchy
INFO : org.springframework.beans.factory.annotation.AutowiredAnnotationBeanPostProcessor - JSR-330 'javax.inject.Inject' annotation found and supported for autowiring
DEBUG: org.apache.ibatis.logging.LogFactory - Logging initialized using 'class org.apache.ibatis.logging.slf4j.Slf4jImpl' adapter.
DEBUG: com.zaxxer.hikari.HikariConfig - Driver class net.sf.log4jdbc.sql.jdbcapi.DriverSpy found in Thread context class loader sun.misc.Launcher$AppClassLoader@42a57993
DEBUG: log4jdbc.debug - log4jdbc-logj2 properties initialization...
DEBUG: log4jdbc.debug - Using logger: net.sf.log4jdbc.log.slf4j.Slf4jSpyLogDelegator
DEBUG: log4jdbc.debug - x log4jdbc.debug.stack.prefix is not defined
DEBUG: log4jdbc.debug - x log4jdbc.sqltiming.warn.threshold is not defined
DEBUG: log4jdbc.debug - x log4jdbc.sqltiming.error.threshold is not defined
DEBUG: log4jdbc.debug - x log4jdbc.dump.booleanastruefalse is not defined (using default value false)
DEBUG: log4jdbc.debug - x log4jdbc.dump.sql.maxlinelength is not defined (using default of 90)
DEBUG: log4jdbc.debug - x log4jdbc.dump.fulldebugstacktrace is not defined (using default value false)
DEBUG: log4jdbc.debug - x log4jdbc.statement.warn is not defined (using default value false)
DEBUG: log4jdbc.debug - x log4jdbc.dump.sql.select is not defined (using default value true)
DEBUG: log4jdbc.debug - x log4jdbc.dump.sql.insert is not defined (using default value true)
DEBUG: log4jdbc.debug - x log4jdbc.dump.sql.update is not defined (using default value true)
DEBUG: log4jdbc.debug - x log4jdbc.dump.sql.delete is not defined (using default value true)
DEBUG: log4jdbc.debug - x log4jdbc.dump.sql.create is not defined (using default value true)
DEBUG: log4jdbc.debug - x log4jdbc.dump.sql.addsemicolon is not defined (using default value false)
DEBUG: log4jdbc.debug - x log4jdbc.auto.load.popular.drivers is not defined (using default value true)
DEBUG: log4jdbc.debug - x log4jdbc.drivers is not defined
DEBUG: log4jdbc.debug - x log4jdbc.trim.sql is not defined (using default value true)
DEBUG: log4jdbc.debug - x log4jdbc.trim.sql.extrablanklines is not defined (using default value true)
DEBUG: log4jdbc.debug - x log4jdbc.suppress.generated.keys.exception is not defined (using default value false)
DEBUG: log4jdbc.debug - log4jdbc-logj2 properties initialization done.
DEBUG: log4jdbc.debug - DriverSpy intialization...
DEBUG: log4jdbc.debug -   FOUND DRIVER oracle.jdbc.OracleDriver
DEBUG: log4jdbc.debug -   FOUND DRIVER oracle.jdbc.driver.OracleDriver
DEBUG: log4jdbc.debug - DriverSpy intialization done.
DEBUG: org.springframework.aop.framework.autoproxy.BeanFactoryAdvisorRetrievalHelper - Skipping currently created advisor 'org.springframework.transaction.config.internalTransactionAdvisor'
DEBUG: org.mybatis.spring.SqlSessionFactoryBean - Parsed configuration file: 'class path resource [configuration/config.xml]'
DEBUG: org.mybatis.spring.SqlSessionFactoryBean - Parsed mapper file: 'file [C:\project_final_workspace\junProject\target\classes\mapper\mapper.xml]'
DEBUG: org.springframework.test.context.cache.DefaultCacheAwareContextLoaderDelegate - Storing ApplicationContext in cache under key [[MergedContextConfiguration@7cbd213e testClass = ConnectionTest, locations = '{file:src/main/webapp/WEB-INF/spring/root-context.xml}', classes = '{}', contextInitializerClasses = '[]', activeProfiles = '{}', propertySourceLocations = '{}', propertySourceProperties = '{}', contextCustomizers = set[[empty]], contextLoader = 'org.springframework.test.context.support.DelegatingSmartContextLoader', parent = [null]]]
DEBUG: org.springframework.test.context.cache - Spring test ApplicationContext cache statistics: [DefaultContextCache@2bd2b28e size = 1, maxSize = 32, parentContextCount = 0, hitCount = 0, missCount = 1]
DEBUG: org.springframework.test.context.support.AbstractDirtiesContextTestExecutionListener - Before test method: context [DefaultTestContext@52f759d7 testClass = ConnectionTest, testInstance = jun.spring.project.test.ConnectionTest@23fe1d71, testMethod = test@ConnectionTest, testException = [null], mergedContextConfiguration = [MergedContextConfiguration@7cbd213e testClass = ConnectionTest, locations = '{file:src/main/webapp/WEB-INF/spring/root-context.xml}', classes = '{}', contextInitializerClasses = '[]', activeProfiles = '{}', propertySourceLocations = '{}', propertySourceProperties = '{}', contextCustomizers = set[[empty]], contextLoader = 'org.springframework.test.context.support.DelegatingSmartContextLoader', parent = [null]]], class annotated with @DirtiesContext [false] with mode [null], method annotated with @DirtiesContext [false] with mode [null].
DEBUG: com.zaxxer.hikari.HikariConfig - HikariPool-1 - configuration:
DEBUG: com.zaxxer.hikari.HikariConfig - allowPoolSuspension.............false
DEBUG: com.zaxxer.hikari.HikariConfig - autoCommit......................true
DEBUG: com.zaxxer.hikari.HikariConfig - catalog.........................none
DEBUG: com.zaxxer.hikari.HikariConfig - connectionInitSql...............none
DEBUG: com.zaxxer.hikari.HikariConfig - connectionTestQuery.............none
DEBUG: com.zaxxer.hikari.HikariConfig - connectionTimeout...............30000
DEBUG: com.zaxxer.hikari.HikariConfig - dataSource......................none
DEBUG: com.zaxxer.hikari.HikariConfig - dataSourceClassName.............none
DEBUG: com.zaxxer.hikari.HikariConfig - dataSourceJNDI..................none
DEBUG: com.zaxxer.hikari.HikariConfig - dataSourceProperties............{password=<masked>}
DEBUG: com.zaxxer.hikari.HikariConfig - driverClassName................."net.sf.log4jdbc.sql.jdbcapi.DriverSpy"
DEBUG: com.zaxxer.hikari.HikariConfig - healthCheckProperties...........{}
DEBUG: com.zaxxer.hikari.HikariConfig - healthCheckRegistry.............none
DEBUG: com.zaxxer.hikari.HikariConfig - idleTimeout.....................600000
DEBUG: com.zaxxer.hikari.HikariConfig - initializationFailTimeout.......1
DEBUG: com.zaxxer.hikari.HikariConfig - isolateInternalQueries..........false
DEBUG: com.zaxxer.hikari.HikariConfig - jdbcUrl.........................jdbc:log4jdbc:oracle:thin:@127.0.0.1:1521:xe
DEBUG: com.zaxxer.hikari.HikariConfig - leakDetectionThreshold..........0
DEBUG: com.zaxxer.hikari.HikariConfig - maxLifetime.....................1800000
DEBUG: com.zaxxer.hikari.HikariConfig - maximumPoolSize.................10
DEBUG: com.zaxxer.hikari.HikariConfig - metricRegistry..................none
DEBUG: com.zaxxer.hikari.HikariConfig - metricsTrackerFactory...........none
DEBUG: com.zaxxer.hikari.HikariConfig - minimumIdle.....................10
DEBUG: com.zaxxer.hikari.HikariConfig - password........................<masked>
DEBUG: com.zaxxer.hikari.HikariConfig - poolName........................"HikariPool-1"
DEBUG: com.zaxxer.hikari.HikariConfig - readOnly........................false
DEBUG: com.zaxxer.hikari.HikariConfig - registerMbeans..................false
DEBUG: com.zaxxer.hikari.HikariConfig - scheduledExecutor...............none
DEBUG: com.zaxxer.hikari.HikariConfig - schema..........................none
DEBUG: com.zaxxer.hikari.HikariConfig - threadFactory...................internal
DEBUG: com.zaxxer.hikari.HikariConfig - transactionIsolation............default
DEBUG: com.zaxxer.hikari.HikariConfig - username........................"jun_jdbc"
DEBUG: com.zaxxer.hikari.HikariConfig - validationTimeout...............5000
INFO : com.zaxxer.hikari.HikariDataSource - HikariPool-1 - Starting...
INFO : jdbc.connection - 1. Connection opened  com.zaxxer.hikari.util.DriverDataSource.getConnection(DriverDataSource.java:138)
DEBUG: jdbc.connection - open connections:  1 (1)
DEBUG: jdbc.audit - 1. Connection.new Connection returned   com.zaxxer.hikari.util.DriverDataSource.getConnection(DriverDataSource.java:138)
DEBUG: jdbc.audit - 1. Connection.getNetworkTimeout() returned 0  com.zaxxer.hikari.pool.PoolBase.getAndSetNetworkTimeout(PoolBase.java:518)
DEBUG: jdbc.audit - 1. Connection.isReadOnly() returned false  com.zaxxer.hikari.pool.PoolBase.setupConnection(PoolBase.java:394)
DEBUG: jdbc.audit - 1. Connection.getAutoCommit() returned true  com.zaxxer.hikari.pool.PoolBase.setupConnection(PoolBase.java:398)
DEBUG: jdbc.audit - 1. Connection.isValid(1) returned true  com.zaxxer.hikari.pool.PoolBase.checkValidationSupport(PoolBase.java:450)
DEBUG: jdbc.audit - 1. Connection.getTransactionIsolation() returned 2  com.zaxxer.hikari.pool.PoolBase.checkDefaultIsolation(PoolBase.java:471)
DEBUG: com.zaxxer.hikari.pool.HikariPool - HikariPool-1 - Added connection net.sf.log4jdbc.sql.jdbcapi.ConnectionSpy@b91d8c4
INFO : com.zaxxer.hikari.HikariDataSource - HikariPool-1 - Start completed.
INFO : jun.spring.project.test.ConnectionTest - 확인 HikariProxyConnection@1058650291 wrapping net.sf.log4jdbc.sql.jdbcapi.ConnectionSpy@b91d8c4
DEBUG: org.springframework.test.context.support.AbstractDirtiesContextTestExecutionListener - After test method: context [DefaultTestContext@52f759d7 testClass = ConnectionTest, testInstance = jun.spring.project.test.ConnectionTest@23fe1d71, testMethod = test@ConnectionTest, testException = [null], mergedContextConfiguration = [MergedContextConfiguration@7cbd213e testClass = ConnectionTest, locations = '{file:src/main/webapp/WEB-INF/spring/root-context.xml}', classes = '{}', contextInitializerClasses = '[]', activeProfiles = '{}', propertySourceLocations = '{}', propertySourceProperties = '{}', contextCustomizers = set[[empty]], contextLoader = 'org.springframework.test.context.support.DelegatingSmartContextLoader', parent = [null]]], class annotated with @DirtiesContext [false] with mode [null], method annotated with @DirtiesContext [false] with mode [null].
]]></system-out>
  </testcase>
</testsuite>